INFO - 2025-10-07 13:33:10 --> Inquiry Data: {"FirstName":null,"MobileNumber":null,"InquiryDate":"2025-10-07 13:33:10","ModelID":null}
ERROR - 2025-10-07 13:33:10 --> mysqli_sql_exception: Column 'FirstName' cannot be null in C:\Users\CodeIgniter4-4.6.0\system\Database\MySQLi\Connection.php:327
Stack trace:
#0 C:\Users\CodeIgniter4-4.6.0\system\Database\MySQLi\Connection.php(327): mysqli->query()
#1 C:\Users\CodeIgniter4-4.6.0\system\Database\BaseConnection.php(738): CodeIgniter\Database\MySQLi\Connection->execute()
#2 C:\Users\CodeIgniter4-4.6.0\system\Database\BaseConnection.php(652): CodeIgniter\Database\BaseConnection->simpleQuery()
#3 C:\Users\CodeIgniter4-4.6.0\system\Database\BaseBuilder.php(2345): CodeIgniter\Database\BaseConnection->query()
#4 C:\Users\CodeIgniter4-4.6.0\system\Model.php(394): CodeIgniter\Database\BaseBuilder->insert()
#5 C:\Users\CodeIgniter4-4.6.0\system\BaseModel.php(839): CodeIgniter\Model->doInsert()
#6 C:\Users\CodeIgniter4-4.6.0\system\Model.php(800): CodeIgniter\BaseModel->insert()
#7 C:\Users\CodeIgniter4-4.6.0\app\Controllers\Home.php(67): CodeIgniter\Model->insert()
#8 C:\Users\CodeIgniter4-4.6.0\system\CodeIgniter.php(933): App\Controllers\Home->saveInquiry()
#9 C:\Users\CodeIgniter4-4.6.0\system\CodeIgniter.php(507): CodeIgniter\CodeIgniter->runController()
#10 C:\Users\CodeIgniter4-4.6.0\system\CodeIgniter.php(354): CodeIgniter\CodeIgniter->handleRequest()
#11 C:\Users\CodeIgniter4-4.6.0\system\Boot.php(334): CodeIgniter\CodeIgniter->run()
#12 C:\Users\CodeIgniter4-4.6.0\system\Boot.php(67): CodeIgniter\Boot::runCodeIgniter()
#13 C:\Users\CodeIgniter4-4.6.0\public\index.php(56): CodeIgniter\Boot::bootWeb()
#14 {main}
CRITICAL - 2025-10-07 13:33:10 --> CodeIgniter\Database\Exceptions\DatabaseException: Column 'FirstName' cannot be null
[Method: POST, Route: Home/saveInquiry]
in SYSTEMPATH\Database\BaseConnection.php on line 692.
 1 SYSTEMPATH\Database\BaseBuilder.php(2345): CodeIgniter\Database\BaseConnection->query()
 2 SYSTEMPATH\Model.php(394): CodeIgniter\Database\BaseBuilder->insert()
 3 SYSTEMPATH\BaseModel.php(839): CodeIgniter\Model->doInsert()
 4 SYSTEMPATH\Model.php(800): CodeIgniter\BaseModel->insert()
 5 APPPATH\Controllers\Home.php(67): CodeIgniter\Model->insert()
 6 SYSTEMPATH\CodeIgniter.php(933): App\Controllers\Home->saveInquiry()
 7 SYSTEMPATH\CodeIgniter.php(507): CodeIgniter\CodeIgniter->runController()
 8 SYSTEMPATH\CodeIgniter.php(354): CodeIgniter\CodeIgniter->handleRequest()
 9 SYSTEMPATH\Boot.php(334): CodeIgniter\CodeIgniter->run()
10 SYSTEMPATH\Boot.php(67): CodeIgniter\Boot::runCodeIgniter()
11 FCPATH\index.php(56): CodeIgniter\Boot::bootWeb()
CRITICAL - 2025-10-07 13:33:10 --> [Caused by] CodeIgniter\Database\Exceptions\DatabaseException: Column 'FirstName' cannot be null
in SYSTEMPATH\Database\MySQLi\Connection.php on line 332.
 1 SYSTEMPATH\Database\BaseConnection.php(738): CodeIgniter\Database\MySQLi\Connection->execute()
 2 SYSTEMPATH\Database\BaseConnection.php(652): CodeIgniter\Database\BaseConnection->simpleQuery()
 3 SYSTEMPATH\Database\BaseBuilder.php(2345): CodeIgniter\Database\BaseConnection->query()
 4 SYSTEMPATH\Model.php(394): CodeIgniter\Database\BaseBuilder->insert()
 5 SYSTEMPATH\BaseModel.php(839): CodeIgniter\Model->doInsert()
 6 SYSTEMPATH\Model.php(800): CodeIgniter\BaseModel->insert()
 7 APPPATH\Controllers\Home.php(67): CodeIgniter\Model->insert()
 8 SYSTEMPATH\CodeIgniter.php(933): App\Controllers\Home->saveInquiry()
 9 SYSTEMPATH\CodeIgniter.php(507): CodeIgniter\CodeIgniter->runController()
10 SYSTEMPATH\CodeIgniter.php(354): CodeIgniter\CodeIgniter->handleRequest()
11 SYSTEMPATH\Boot.php(334): CodeIgniter\CodeIgniter->run()
12 SYSTEMPATH\Boot.php(67): CodeIgniter\Boot::runCodeIgniter()
13 FCPATH\index.php(56): CodeIgniter\Boot::bootWeb()
CRITICAL - 2025-10-07 13:33:10 --> [Caused by] mysqli_sql_exception: Column 'FirstName' cannot be null
in SYSTEMPATH\Database\MySQLi\Connection.php on line 327.
 1 SYSTEMPATH\Database\MySQLi\Connection.php(327): mysqli->query()
 2 SYSTEMPATH\Database\BaseConnection.php(738): CodeIgniter\Database\MySQLi\Connection->execute()
 3 SYSTEMPATH\Database\BaseConnection.php(652): CodeIgniter\Database\BaseConnection->simpleQuery()
 4 SYSTEMPATH\Database\BaseBuilder.php(2345): CodeIgniter\Database\BaseConnection->query()
 5 SYSTEMPATH\Model.php(394): CodeIgniter\Database\BaseBuilder->insert()
 6 SYSTEMPATH\BaseModel.php(839): CodeIgniter\Model->doInsert()
 7 SYSTEMPATH\Model.php(800): CodeIgniter\BaseModel->insert()
 8 APPPATH\Controllers\Home.php(67): CodeIgniter\Model->insert()
 9 SYSTEMPATH\CodeIgniter.php(933): App\Controllers\Home->saveInquiry()
10 SYSTEMPATH\CodeIgniter.php(507): CodeIgniter\CodeIgniter->runController()
11 SYSTEMPATH\CodeIgniter.php(354): CodeIgniter\CodeIgniter->handleRequest()
12 SYSTEMPATH\Boot.php(334): CodeIgniter\CodeIgniter->run()
13 SYSTEMPATH\Boot.php(67): CodeIgniter\Boot::runCodeIgniter()
14 FCPATH\index.php(56): CodeIgniter\Boot::bootWeb()
INFO - 2025-10-07 13:35:45 --> Inquiry Data: {"FirstName":"diopet","MobileNumber":"09171234567","InquiryDate":"2025-10-07 13:35:45","ModelID":"5"}
DEBUG - 2025-10-07 05:40:30 --> Session: Class initialized using 'CodeIgniter\Session\Handlers\FileHandler' driver.
ERROR - 2025-10-07 05:40:30 --> mysqli_sql_exception: Unknown column 'LastName' in 'field list' in C:\Users\CodeIgniter4-4.6.0\system\Database\MySQLi\Connection.php:327
Stack trace:
#0 C:\Users\CodeIgniter4-4.6.0\system\Database\MySQLi\Connection.php(327): mysqli->query()
#1 C:\Users\CodeIgniter4-4.6.0\system\Database\BaseConnection.php(738): CodeIgniter\Database\MySQLi\Connection->execute()
#2 C:\Users\CodeIgniter4-4.6.0\system\Database\BaseConnection.php(652): CodeIgniter\Database\BaseConnection->simpleQuery()
#3 C:\Users\CodeIgniter4-4.6.0\system\Database\BaseBuilder.php(2345): CodeIgniter\Database\BaseConnection->query()
#4 C:\Users\CodeIgniter4-4.6.0\system\Model.php(394): CodeIgniter\Database\BaseBuilder->insert()
#5 C:\Users\CodeIgniter4-4.6.0\system\BaseModel.php(839): CodeIgniter\Model->doInsert()
#6 C:\Users\CodeIgniter4-4.6.0\system\Model.php(800): CodeIgniter\BaseModel->insert()
#7 C:\Users\CodeIgniter4-4.6.0\app\Controllers\Home.php(114): CodeIgniter\Model->insert()
#8 C:\Users\CodeIgniter4-4.6.0\system\CodeIgniter.php(933): App\Controllers\Home->saveInquiry()
#9 C:\Users\CodeIgniter4-4.6.0\system\CodeIgniter.php(507): CodeIgniter\CodeIgniter->runController()
#10 C:\Users\CodeIgniter4-4.6.0\system\CodeIgniter.php(354): CodeIgniter\CodeIgniter->handleRequest()
#11 C:\Users\CodeIgniter4-4.6.0\system\Boot.php(334): CodeIgniter\CodeIgniter->run()
#12 C:\Users\CodeIgniter4-4.6.0\system\Boot.php(67): CodeIgniter\Boot::runCodeIgniter()
#13 C:\Users\CodeIgniter4-4.6.0\public\index.php(56): CodeIgniter\Boot::bootWeb()
#14 {main}
CRITICAL - 2025-10-07 05:40:30 --> CodeIgniter\Database\Exceptions\DatabaseException: Unknown column 'LastName' in 'field list'
[Method: POST, Route: Home/saveInquiry]
in SYSTEMPATH\Database\BaseConnection.php on line 692.
 1 SYSTEMPATH\Database\BaseBuilder.php(2345): CodeIgniter\Database\BaseConnection->query()
 2 SYSTEMPATH\Model.php(394): CodeIgniter\Database\BaseBuilder->insert()
 3 SYSTEMPATH\BaseModel.php(839): CodeIgniter\Model->doInsert()
 4 SYSTEMPATH\Model.php(800): CodeIgniter\BaseModel->insert()
 5 APPPATH\Controllers\Home.php(114): CodeIgniter\Model->insert()
 6 SYSTEMPATH\CodeIgniter.php(933): App\Controllers\Home->saveInquiry()
 7 SYSTEMPATH\CodeIgniter.php(507): CodeIgniter\CodeIgniter->runController()
 8 SYSTEMPATH\CodeIgniter.php(354): CodeIgniter\CodeIgniter->handleRequest()
 9 SYSTEMPATH\Boot.php(334): CodeIgniter\CodeIgniter->run()
10 SYSTEMPATH\Boot.php(67): CodeIgniter\Boot::runCodeIgniter()
11 FCPATH\index.php(56): CodeIgniter\Boot::bootWeb()
CRITICAL - 2025-10-07 05:40:30 --> [Caused by] CodeIgniter\Database\Exceptions\DatabaseException: Unknown column 'LastName' in 'field list'
in SYSTEMPATH\Database\MySQLi\Connection.php on line 332.
 1 SYSTEMPATH\Database\BaseConnection.php(738): CodeIgniter\Database\MySQLi\Connection->execute()
 2 SYSTEMPATH\Database\BaseConnection.php(652): CodeIgniter\Database\BaseConnection->simpleQuery()
 3 SYSTEMPATH\Database\BaseBuilder.php(2345): CodeIgniter\Database\BaseConnection->query()
 4 SYSTEMPATH\Model.php(394): CodeIgniter\Database\BaseBuilder->insert()
 5 SYSTEMPATH\BaseModel.php(839): CodeIgniter\Model->doInsert()
 6 SYSTEMPATH\Model.php(800): CodeIgniter\BaseModel->insert()
 7 APPPATH\Controllers\Home.php(114): CodeIgniter\Model->insert()
 8 SYSTEMPATH\CodeIgniter.php(933): App\Controllers\Home->saveInquiry()
 9 SYSTEMPATH\CodeIgniter.php(507): CodeIgniter\CodeIgniter->runController()
10 SYSTEMPATH\CodeIgniter.php(354): CodeIgniter\CodeIgniter->handleRequest()
11 SYSTEMPATH\Boot.php(334): CodeIgniter\CodeIgniter->run()
12 SYSTEMPATH\Boot.php(67): CodeIgniter\Boot::runCodeIgniter()
13 FCPATH\index.php(56): CodeIgniter\Boot::bootWeb()
CRITICAL - 2025-10-07 05:40:30 --> [Caused by] mysqli_sql_exception: Unknown column 'LastName' in 'field list'
in SYSTEMPATH\Database\MySQLi\Connection.php on line 327.
 1 SYSTEMPATH\Database\MySQLi\Connection.php(327): mysqli->query()
 2 SYSTEMPATH\Database\BaseConnection.php(738): CodeIgniter\Database\MySQLi\Connection->execute()
 3 SYSTEMPATH\Database\BaseConnection.php(652): CodeIgniter\Database\BaseConnection->simpleQuery()
 4 SYSTEMPATH\Database\BaseBuilder.php(2345): CodeIgniter\Database\BaseConnection->query()
 5 SYSTEMPATH\Model.php(394): CodeIgniter\Database\BaseBuilder->insert()
 6 SYSTEMPATH\BaseModel.php(839): CodeIgniter\Model->doInsert()
 7 SYSTEMPATH\Model.php(800): CodeIgniter\BaseModel->insert()
 8 APPPATH\Controllers\Home.php(114): CodeIgniter\Model->insert()
 9 SYSTEMPATH\CodeIgniter.php(933): App\Controllers\Home->saveInquiry()
10 SYSTEMPATH\CodeIgniter.php(507): CodeIgniter\CodeIgniter->runController()
11 SYSTEMPATH\CodeIgniter.php(354): CodeIgniter\CodeIgniter->handleRequest()
12 SYSTEMPATH\Boot.php(334): CodeIgniter\CodeIgniter->run()
13 SYSTEMPATH\Boot.php(67): CodeIgniter\Boot::runCodeIgniter()
14 FCPATH\index.php(56): CodeIgniter\Boot::bootWeb()
INFO - 2025-10-07 13:49:13 --> Inquiry Data: {"FirstName":"diopet2","MobileNumber":"09171234567","InquiryDate":"2025-10-07 13:49:13","ModelID":"5"}
INFO - 2025-10-07 13:54:52 --> Inquiry Data: {"FirstName":"Diopet","MobileNumber":"09976151373","InquiryDate":"2025-10-07 13:54:52","ModelID":"1006"}
DEBUG - 2025-10-07 05:56:17 --> Session: Class initialized using 'CodeIgniter\Session\Handlers\FileHandler' driver.
ERROR - 2025-10-07 05:56:17 --> mysqli_sql_exception: Unknown column 'LastName' in 'field list' in C:\Users\CodeIgniter4-4.6.0\system\Database\MySQLi\Connection.php:327
Stack trace:
#0 C:\Users\CodeIgniter4-4.6.0\system\Database\MySQLi\Connection.php(327): mysqli->query()
#1 C:\Users\CodeIgniter4-4.6.0\system\Database\BaseConnection.php(738): CodeIgniter\Database\MySQLi\Connection->execute()
#2 C:\Users\CodeIgniter4-4.6.0\system\Database\BaseConnection.php(652): CodeIgniter\Database\BaseConnection->simpleQuery()
#3 C:\Users\CodeIgniter4-4.6.0\system\Database\BaseBuilder.php(2345): CodeIgniter\Database\BaseConnection->query()
#4 C:\Users\CodeIgniter4-4.6.0\system\Model.php(394): CodeIgniter\Database\BaseBuilder->insert()
#5 C:\Users\CodeIgniter4-4.6.0\system\BaseModel.php(839): CodeIgniter\Model->doInsert()
#6 C:\Users\CodeIgniter4-4.6.0\system\Model.php(800): CodeIgniter\BaseModel->insert()
#7 C:\Users\CodeIgniter4-4.6.0\app\Controllers\Home.php(114): CodeIgniter\Model->insert()
#8 C:\Users\CodeIgniter4-4.6.0\system\CodeIgniter.php(933): App\Controllers\Home->saveInquiry()
#9 C:\Users\CodeIgniter4-4.6.0\system\CodeIgniter.php(507): CodeIgniter\CodeIgniter->runController()
#10 C:\Users\CodeIgniter4-4.6.0\system\CodeIgniter.php(354): CodeIgniter\CodeIgniter->handleRequest()
#11 C:\Users\CodeIgniter4-4.6.0\system\Boot.php(334): CodeIgniter\CodeIgniter->run()
#12 C:\Users\CodeIgniter4-4.6.0\system\Boot.php(67): CodeIgniter\Boot::runCodeIgniter()
#13 C:\Users\CodeIgniter4-4.6.0\public\index.php(56): CodeIgniter\Boot::bootWeb()
#14 {main}
CRITICAL - 2025-10-07 05:56:17 --> CodeIgniter\Database\Exceptions\DatabaseException: Unknown column 'LastName' in 'field list'
[Method: POST, Route: Home/saveInquiry]
in SYSTEMPATH\Database\BaseConnection.php on line 692.
 1 SYSTEMPATH\Database\BaseBuilder.php(2345): CodeIgniter\Database\BaseConnection->query()
 2 SYSTEMPATH\Model.php(394): CodeIgniter\Database\BaseBuilder->insert()
 3 SYSTEMPATH\BaseModel.php(839): CodeIgniter\Model->doInsert()
 4 SYSTEMPATH\Model.php(800): CodeIgniter\BaseModel->insert()
 5 APPPATH\Controllers\Home.php(114): CodeIgniter\Model->insert()
 6 SYSTEMPATH\CodeIgniter.php(933): App\Controllers\Home->saveInquiry()
 7 SYSTEMPATH\CodeIgniter.php(507): CodeIgniter\CodeIgniter->runController()
 8 SYSTEMPATH\CodeIgniter.php(354): CodeIgniter\CodeIgniter->handleRequest()
 9 SYSTEMPATH\Boot.php(334): CodeIgniter\CodeIgniter->run()
10 SYSTEMPATH\Boot.php(67): CodeIgniter\Boot::runCodeIgniter()
11 FCPATH\index.php(56): CodeIgniter\Boot::bootWeb()
CRITICAL - 2025-10-07 05:56:17 --> [Caused by] CodeIgniter\Database\Exceptions\DatabaseException: Unknown column 'LastName' in 'field list'
in SYSTEMPATH\Database\MySQLi\Connection.php on line 332.
 1 SYSTEMPATH\Database\BaseConnection.php(738): CodeIgniter\Database\MySQLi\Connection->execute()
 2 SYSTEMPATH\Database\BaseConnection.php(652): CodeIgniter\Database\BaseConnection->simpleQuery()
 3 SYSTEMPATH\Database\BaseBuilder.php(2345): CodeIgniter\Database\BaseConnection->query()
 4 SYSTEMPATH\Model.php(394): CodeIgniter\Database\BaseBuilder->insert()
 5 SYSTEMPATH\BaseModel.php(839): CodeIgniter\Model->doInsert()
 6 SYSTEMPATH\Model.php(800): CodeIgniter\BaseModel->insert()
 7 APPPATH\Controllers\Home.php(114): CodeIgniter\Model->insert()
 8 SYSTEMPATH\CodeIgniter.php(933): App\Controllers\Home->saveInquiry()
 9 SYSTEMPATH\CodeIgniter.php(507): CodeIgniter\CodeIgniter->runController()
10 SYSTEMPATH\CodeIgniter.php(354): CodeIgniter\CodeIgniter->handleRequest()
11 SYSTEMPATH\Boot.php(334): CodeIgniter\CodeIgniter->run()
12 SYSTEMPATH\Boot.php(67): CodeIgniter\Boot::runCodeIgniter()
13 FCPATH\index.php(56): CodeIgniter\Boot::bootWeb()
CRITICAL - 2025-10-07 05:56:17 --> [Caused by] mysqli_sql_exception: Unknown column 'LastName' in 'field list'
in SYSTEMPATH\Database\MySQLi\Connection.php on line 327.
 1 SYSTEMPATH\Database\MySQLi\Connection.php(327): mysqli->query()
 2 SYSTEMPATH\Database\BaseConnection.php(738): CodeIgniter\Database\MySQLi\Connection->execute()
 3 SYSTEMPATH\Database\BaseConnection.php(652): CodeIgniter\Database\BaseConnection->simpleQuery()
 4 SYSTEMPATH\Database\BaseBuilder.php(2345): CodeIgniter\Database\BaseConnection->query()
 5 SYSTEMPATH\Model.php(394): CodeIgniter\Database\BaseBuilder->insert()
 6 SYSTEMPATH\BaseModel.php(839): CodeIgniter\Model->doInsert()
 7 SYSTEMPATH\Model.php(800): CodeIgniter\BaseModel->insert()
 8 APPPATH\Controllers\Home.php(114): CodeIgniter\Model->insert()
 9 SYSTEMPATH\CodeIgniter.php(933): App\Controllers\Home->saveInquiry()
10 SYSTEMPATH\CodeIgniter.php(507): CodeIgniter\CodeIgniter->runController()
11 SYSTEMPATH\CodeIgniter.php(354): CodeIgniter\CodeIgniter->handleRequest()
12 SYSTEMPATH\Boot.php(334): CodeIgniter\CodeIgniter->run()
13 SYSTEMPATH\Boot.php(67): CodeIgniter\Boot::runCodeIgniter()
14 FCPATH\index.php(56): CodeIgniter\Boot::bootWeb()
DEBUG - 2025-10-07 05:56:44 --> Session: Class initialized using 'CodeIgniter\Session\Handlers\FileHandler' driver.
CRITICAL - 2025-10-07 05:56:44 --> ErrorException: Undefined array key "LastName"
[Method: POST, Route: Home/saveInquiry]
in APPPATH\Controllers\Home.php on line 124.
 1 APPPATH\Controllers\Home.php(124): CodeIgniter\Debug\Exceptions->errorHandler()
 2 SYSTEMPATH\CodeIgniter.php(933): App\Controllers\Home->saveInquiry()
 3 SYSTEMPATH\CodeIgniter.php(507): CodeIgniter\CodeIgniter->runController()
 4 SYSTEMPATH\CodeIgniter.php(354): CodeIgniter\CodeIgniter->handleRequest()
 5 SYSTEMPATH\Boot.php(334): CodeIgniter\CodeIgniter->run()
 6 SYSTEMPATH\Boot.php(67): CodeIgniter\Boot::runCodeIgniter()
 7 FCPATH\index.php(56): CodeIgniter\Boot::bootWeb()
DEBUG - 2025-10-07 05:56:54 --> Session: Class initialized using 'CodeIgniter\Session\Handlers\FileHandler' driver.
DEBUG - 2025-10-07 05:59:12 --> Session: Class initialized using 'CodeIgniter\Session\Handlers\FileHandler' driver.
ERROR - 2025-10-07 06:04:06 --> mysqli_sql_exception: Column 'FirstName' cannot be null in C:\Users\CodeIgniter4-4.6.0\system\Database\MySQLi\Connection.php:327
Stack trace:
#0 C:\Users\CodeIgniter4-4.6.0\system\Database\MySQLi\Connection.php(327): mysqli->query()
#1 C:\Users\CodeIgniter4-4.6.0\system\Database\BaseConnection.php(738): CodeIgniter\Database\MySQLi\Connection->execute()
#2 C:\Users\CodeIgniter4-4.6.0\system\Database\BaseConnection.php(652): CodeIgniter\Database\BaseConnection->simpleQuery()
#3 C:\Users\CodeIgniter4-4.6.0\system\Database\BaseBuilder.php(2345): CodeIgniter\Database\BaseConnection->query()
#4 C:\Users\CodeIgniter4-4.6.0\system\Model.php(394): CodeIgniter\Database\BaseBuilder->insert()
#5 C:\Users\CodeIgniter4-4.6.0\system\BaseModel.php(839): CodeIgniter\Model->doInsert()
#6 C:\Users\CodeIgniter4-4.6.0\system\Model.php(800): CodeIgniter\BaseModel->insert()
#7 C:\Users\CodeIgniter4-4.6.0\app\Controllers\Home.php(113): CodeIgniter\Model->insert()
#8 C:\Users\CodeIgniter4-4.6.0\system\CodeIgniter.php(933): App\Controllers\Home->saveInquiry()
#9 C:\Users\CodeIgniter4-4.6.0\system\CodeIgniter.php(507): CodeIgniter\CodeIgniter->runController()
#10 C:\Users\CodeIgniter4-4.6.0\system\CodeIgniter.php(354): CodeIgniter\CodeIgniter->handleRequest()
#11 C:\Users\CodeIgniter4-4.6.0\system\Boot.php(334): CodeIgniter\CodeIgniter->run()
#12 C:\Users\CodeIgniter4-4.6.0\system\Boot.php(67): CodeIgniter\Boot::runCodeIgniter()
#13 C:\Users\CodeIgniter4-4.6.0\public\index.php(56): CodeIgniter\Boot::bootWeb()
#14 {main}
CRITICAL - 2025-10-07 06:04:06 --> CodeIgniter\Database\Exceptions\DatabaseException: Column 'FirstName' cannot be null
[Method: GET, Route: Home/saveInquiry]
in SYSTEMPATH\Database\BaseConnection.php on line 692.
 1 SYSTEMPATH\Database\BaseBuilder.php(2345): CodeIgniter\Database\BaseConnection->query()
 2 SYSTEMPATH\Model.php(394): CodeIgniter\Database\BaseBuilder->insert()
 3 SYSTEMPATH\BaseModel.php(839): CodeIgniter\Model->doInsert()
 4 SYSTEMPATH\Model.php(800): CodeIgniter\BaseModel->insert()
 5 APPPATH\Controllers\Home.php(113): CodeIgniter\Model->insert()
 6 SYSTEMPATH\CodeIgniter.php(933): App\Controllers\Home->saveInquiry()
 7 SYSTEMPATH\CodeIgniter.php(507): CodeIgniter\CodeIgniter->runController()
 8 SYSTEMPATH\CodeIgniter.php(354): CodeIgniter\CodeIgniter->handleRequest()
 9 SYSTEMPATH\Boot.php(334): CodeIgniter\CodeIgniter->run()
10 SYSTEMPATH\Boot.php(67): CodeIgniter\Boot::runCodeIgniter()
11 FCPATH\index.php(56): CodeIgniter\Boot::bootWeb()
CRITICAL - 2025-10-07 06:04:06 --> [Caused by] CodeIgniter\Database\Exceptions\DatabaseException: Column 'FirstName' cannot be null
in SYSTEMPATH\Database\MySQLi\Connection.php on line 332.
 1 SYSTEMPATH\Database\BaseConnection.php(738): CodeIgniter\Database\MySQLi\Connection->execute()
 2 SYSTEMPATH\Database\BaseConnection.php(652): CodeIgniter\Database\BaseConnection->simpleQuery()
 3 SYSTEMPATH\Database\BaseBuilder.php(2345): CodeIgniter\Database\BaseConnection->query()
 4 SYSTEMPATH\Model.php(394): CodeIgniter\Database\BaseBuilder->insert()
 5 SYSTEMPATH\BaseModel.php(839): CodeIgniter\Model->doInsert()
 6 SYSTEMPATH\Model.php(800): CodeIgniter\BaseModel->insert()
 7 APPPATH\Controllers\Home.php(113): CodeIgniter\Model->insert()
 8 SYSTEMPATH\CodeIgniter.php(933): App\Controllers\Home->saveInquiry()
 9 SYSTEMPATH\CodeIgniter.php(507): CodeIgniter\CodeIgniter->runController()
10 SYSTEMPATH\CodeIgniter.php(354): CodeIgniter\CodeIgniter->handleRequest()
11 SYSTEMPATH\Boot.php(334): CodeIgniter\CodeIgniter->run()
12 SYSTEMPATH\Boot.php(67): CodeIgniter\Boot::runCodeIgniter()
13 FCPATH\index.php(56): CodeIgniter\Boot::bootWeb()
CRITICAL - 2025-10-07 06:04:06 --> ErrorException: Maximum execution time of 300 seconds exceeded
[Method: GET, Route: Home/saveInquiry]
in SYSTEMPATH\Session\Handlers\FileHandler.php on line 136.
 1 [internal function]: CodeIgniter\Debug\Exceptions->shutdownHandler()
CRITICAL - 2025-10-07 06:04:06 --> [Caused by] mysqli_sql_exception: Column 'FirstName' cannot be null
in SYSTEMPATH\Database\MySQLi\Connection.php on line 327.
 1 SYSTEMPATH\Database\MySQLi\Connection.php(327): mysqli->query()
 2 SYSTEMPATH\Database\BaseConnection.php(738): CodeIgniter\Database\MySQLi\Connection->execute()
 3 SYSTEMPATH\Database\BaseConnection.php(652): CodeIgniter\Database\BaseConnection->simpleQuery()
 4 SYSTEMPATH\Database\BaseBuilder.php(2345): CodeIgniter\Database\BaseConnection->query()
 5 SYSTEMPATH\Model.php(394): CodeIgniter\Database\BaseBuilder->insert()
 6 SYSTEMPATH\BaseModel.php(839): CodeIgniter\Model->doInsert()
 7 SYSTEMPATH\Model.php(800): CodeIgniter\BaseModel->insert()
 8 APPPATH\Controllers\Home.php(113): CodeIgniter\Model->insert()
 9 SYSTEMPATH\CodeIgniter.php(933): App\Controllers\Home->saveInquiry()
10 SYSTEMPATH\CodeIgniter.php(507): CodeIgniter\CodeIgniter->runController()
11 SYSTEMPATH\CodeIgniter.php(354): CodeIgniter\CodeIgniter->handleRequest()
12 SYSTEMPATH\Boot.php(334): CodeIgniter\CodeIgniter->run()
13 SYSTEMPATH\Boot.php(67): CodeIgniter\Boot::runCodeIgniter()
14 FCPATH\index.php(56): CodeIgniter\Boot::bootWeb()
DEBUG - 2025-10-07 06:04:07 --> Session: Class initialized using 'CodeIgniter\Session\Handlers\FileHandler' driver.
CRITICAL - 2025-10-07 06:04:07 --> ErrorException: Undefined array key "LastName"
[Method: POST, Route: Home/saveInquiry]
in APPPATH\Controllers\Home.php on line 124.
 1 APPPATH\Controllers\Home.php(124): CodeIgniter\Debug\Exceptions->errorHandler()
 2 SYSTEMPATH\CodeIgniter.php(933): App\Controllers\Home->saveInquiry()
 3 SYSTEMPATH\CodeIgniter.php(507): CodeIgniter\CodeIgniter->runController()
 4 SYSTEMPATH\CodeIgniter.php(354): CodeIgniter\CodeIgniter->handleRequest()
 5 SYSTEMPATH\Boot.php(334): CodeIgniter\CodeIgniter->run()
 6 SYSTEMPATH\Boot.php(67): CodeIgniter\Boot::runCodeIgniter()
 7 FCPATH\index.php(56): CodeIgniter\Boot::bootWeb()
CRITICAL - 2025-10-07 06:09:29 --> ErrorException: Undefined variable $totalTime
[Method: GET, Route: /]
in SYSTEMPATH\Debug\Toolbar\Views\toolbar.tpl.php on line 46.
 1 SYSTEMPATH\Debug\Toolbar\Views\toolbar.tpl.php(46): CodeIgniter\Debug\Exceptions->errorHandler()
 2 SYSTEMPATH\Debug\Toolbar.php(533): include('C:\\Users\\CodeIgniter4-4.6.0\\system\\Debug\\Toolbar\\Views\\toolbar.tpl.php')
 3 SYSTEMPATH\Debug\Toolbar.php(496): CodeIgniter\Debug\Toolbar->format()
 4 APPPATH\Config\Events.php(47): CodeIgniter\Debug\Toolbar->respond()
 5 SYSTEMPATH\Events\Events.php(155): CodeIgniter\Events\Events::Config\{closure}()
 6 SYSTEMPATH\CodeIgniter.php(339): CodeIgniter\Events\Events::trigger()
 7 SYSTEMPATH\Boot.php(334): CodeIgniter\CodeIgniter->run()
 8 SYSTEMPATH\Boot.php(67): CodeIgniter\Boot::runCodeIgniter()
 9 FCPATH\index.php(56): CodeIgniter\Boot::bootWeb()
CRITICAL - 2025-10-07 06:10:54 --> ErrorException: Undefined variable $totalTime
[Method: GET, Route: /]
in SYSTEMPATH\Debug\Toolbar\Views\toolbar.tpl.php on line 46.
 1 SYSTEMPATH\Debug\Toolbar\Views\toolbar.tpl.php(46): CodeIgniter\Debug\Exceptions->errorHandler()
 2 SYSTEMPATH\Debug\Toolbar.php(533): include('C:\\Users\\CodeIgniter4-4.6.0\\system\\Debug\\Toolbar\\Views\\toolbar.tpl.php')
 3 SYSTEMPATH\Debug\Toolbar.php(496): CodeIgniter\Debug\Toolbar->format()
 4 APPPATH\Config\Events.php(47): CodeIgniter\Debug\Toolbar->respond()
 5 SYSTEMPATH\Events\Events.php(155): CodeIgniter\Events\Events::Config\{closure}()
 6 SYSTEMPATH\CodeIgniter.php(339): CodeIgniter\Events\Events::trigger()
 7 SYSTEMPATH\Boot.php(334): CodeIgniter\CodeIgniter->run()
 8 SYSTEMPATH\Boot.php(67): CodeIgniter\Boot::runCodeIgniter()
 9 FCPATH\index.php(56): CodeIgniter\Boot::bootWeb()
DEBUG - 2025-10-07 06:11:13 --> Session: Class initialized using 'CodeIgniter\Session\Handlers\FileHandler' driver.
DEBUG - 2025-10-07 06:18:12 --> Session: Class initialized using 'CodeIgniter\Session\Handlers\FileHandler' driver.
DEBUG - 2025-10-07 07:22:07 --> Session: Class initialized using 'CodeIgniter\Session\Handlers\FileHandler' driver.
CRITICAL - 2025-10-07 07:22:08 --> ErrorException: Undefined property: stdClass::$data
[Method: POST, Route: Home/saveInquiry]
in APPPATH\Models\PortalModel.php on line 126.
 1 APPPATH\Models\PortalModel.php(126): CodeIgniter\Debug\Exceptions->errorHandler()
 2 APPPATH\Controllers\Home.php(120): App\Models\portalModel->saveLeads()
 3 SYSTEMPATH\CodeIgniter.php(933): App\Controllers\Home->saveInquiry()
 4 SYSTEMPATH\CodeIgniter.php(507): CodeIgniter\CodeIgniter->runController()
 5 SYSTEMPATH\CodeIgniter.php(354): CodeIgniter\CodeIgniter->handleRequest()
 6 SYSTEMPATH\Boot.php(334): CodeIgniter\CodeIgniter->run()
 7 SYSTEMPATH\Boot.php(67): CodeIgniter\Boot::runCodeIgniter()
 8 FCPATH\index.php(56): CodeIgniter\Boot::bootWeb()
DEBUG - 2025-10-07 07:24:24 --> Session: Class initialized using 'CodeIgniter\Session\Handlers\FileHandler' driver.
CRITICAL - 2025-10-07 07:24:24 --> ErrorException: Undefined property: stdClass::$data
[Method: POST, Route: Home/saveInquiry]
in APPPATH\Models\PortalModel.php on line 126.
 1 APPPATH\Models\PortalModel.php(126): CodeIgniter\Debug\Exceptions->errorHandler()
 2 APPPATH\Controllers\Home.php(120): App\Models\portalModel->saveLeads()
 3 SYSTEMPATH\CodeIgniter.php(933): App\Controllers\Home->saveInquiry()
 4 SYSTEMPATH\CodeIgniter.php(507): CodeIgniter\CodeIgniter->runController()
 5 SYSTEMPATH\CodeIgniter.php(354): CodeIgniter\CodeIgniter->handleRequest()
 6 SYSTEMPATH\Boot.php(334): CodeIgniter\CodeIgniter->run()
 7 SYSTEMPATH\Boot.php(67): CodeIgniter\Boot::runCodeIgniter()
 8 FCPATH\index.php(56): CodeIgniter\Boot::bootWeb()
DEBUG - 2025-10-07 08:02:35 --> Session: Class initialized using 'CodeIgniter\Session\Handlers\FileHandler' driver.
ERROR - 2025-10-07 08:02:42 --> saveLeads failed: {"message":"UNKNOWN ERRORArray\n(\n    [0] => Array\n        (\n            [0] => 40001\n            [SQLSTATE] => 40001\n            [1] => 1205\n            [code] => 1205\n            [2] => [Microsoft][ODBC Driver 13 for SQL Server][SQL Server]Transaction (Process ID 270) was deadlocked on lock resources with another process and has been chosen as the deadlock victim. Rerun the transaction.\n            [message] => [Microsoft][ODBC Driver 13 for SQL Server][SQL Server]Transaction (Process ID 270) was deadlocked on lock resources with another process and has been chosen as the deadlock victim. Rerun the transaction.\n        )\n\n)\n","statusCode":"-1000"}
