CRITICAL - 2025-10-04 02:00:04 --> CodeIgniter\Exceptions\InvalidArgumentException: "ffe" is not a valid database connection group.
[Method: GET, Route: /]
in SYSTEMPATH\Database\Config.php on line 72.
 1 APPPATH\Controllers\Home.php(21): CodeIgniter\Database\Config::connect()
 2 SYSTEMPATH\CodeIgniter.php(903): App\Controllers\Home->__construct()
 3 SYSTEMPATH\CodeIgniter.php(498): CodeIgniter\CodeIgniter->createController()
 4 SYSTEMPATH\CodeIgniter.php(354): CodeIgniter\CodeIgniter->handleRequest()
 5 SYSTEMPATH\Boot.php(334): CodeIgniter\CodeIgniter->run()
 6 SYSTEMPATH\Boot.php(67): CodeIgniter\Boot::runCodeIgniter()
 7 FCPATH\index.php(56): CodeIgniter\Boot::bootWeb()
CRITICAL - 2025-10-04 02:53:28 --> Error: Call to undefined function CodeIgniter\Database\SQLSRV\sqlsrv_configure()
[Method: GET, Route: ConnectionTest]
in SYSTEMPATH\Database\SQLSRV\Connection.php on line 131.
 1 APPPATH\Controllers\ConnectionTest.php(19): CodeIgniter\Database\SQLSRV\Connection->connect()
 2 SYSTEMPATH\CodeIgniter.php(933): App\Controllers\ConnectionTest->index()
 3 SYSTEMPATH\CodeIgniter.php(507): CodeIgniter\CodeIgniter->runController()
 4 SYSTEMPATH\CodeIgniter.php(354): CodeIgniter\CodeIgniter->handleRequest()
 5 SYSTEMPATH\Boot.php(334): CodeIgniter\CodeIgniter->run()
 6 SYSTEMPATH\Boot.php(67): CodeIgniter\Boot::runCodeIgniter()
 7 FCPATH\index.php(56): CodeIgniter\Boot::bootWeb()
CRITICAL - 2025-10-04 02:53:41 --> Error: Call to undefined function CodeIgniter\Database\SQLSRV\sqlsrv_configure()
[Method: GET, Route: ConnectionTest]
in SYSTEMPATH\Database\SQLSRV\Connection.php on line 131.
 1 APPPATH\Controllers\ConnectionTest.php(19): CodeIgniter\Database\SQLSRV\Connection->connect()
 2 SYSTEMPATH\CodeIgniter.php(933): App\Controllers\ConnectionTest->index()
 3 SYSTEMPATH\CodeIgniter.php(507): CodeIgniter\CodeIgniter->runController()
 4 SYSTEMPATH\CodeIgniter.php(354): CodeIgniter\CodeIgniter->handleRequest()
 5 SYSTEMPATH\Boot.php(334): CodeIgniter\CodeIgniter->run()
 6 SYSTEMPATH\Boot.php(67): CodeIgniter\Boot::runCodeIgniter()
 7 FCPATH\index.php(56): CodeIgniter\Boot::bootWeb()
CRITICAL - 2025-10-04 02:54:38 --> Error: Call to undefined function CodeIgniter\Database\SQLSRV\sqlsrv_configure()
[Method: GET, Route: ConnectionTest]
in SYSTEMPATH\Database\SQLSRV\Connection.php on line 131.
 1 APPPATH\Controllers\ConnectionTest.php(19): CodeIgniter\Database\SQLSRV\Connection->connect()
 2 SYSTEMPATH\CodeIgniter.php(933): App\Controllers\ConnectionTest->index()
 3 SYSTEMPATH\CodeIgniter.php(507): CodeIgniter\CodeIgniter->runController()
 4 SYSTEMPATH\CodeIgniter.php(354): CodeIgniter\CodeIgniter->handleRequest()
 5 SYSTEMPATH\Boot.php(334): CodeIgniter\CodeIgniter->run()
 6 SYSTEMPATH\Boot.php(67): CodeIgniter\Boot::runCodeIgniter()
 7 FCPATH\index.php(56): CodeIgniter\Boot::bootWeb()
ERROR - 2025-10-04 02:54:49 --> Error connecting to the database: Error: Call to undefined function CodeIgniter\Database\SQLSRV\sqlsrv_configure() in C:\Users\CodeIgniter4-4.6.0\system\Database\SQLSRV\Connection.php:131
Stack trace:
#0 C:\Users\CodeIgniter4-4.6.0\system\Database\BaseConnection.php(421): CodeIgniter\Database\SQLSRV\Connection->connect()
#1 C:\Users\CodeIgniter4-4.6.0\system\Database\BaseConnection.php(620): CodeIgniter\Database\BaseConnection->initialize()
#2 C:\Users\CodeIgniter4-4.6.0\system\Database\BaseBuilder.php(2345): CodeIgniter\Database\BaseConnection->query()
#3 C:\Users\CodeIgniter4-4.6.0\system\Model.php(394): CodeIgniter\Database\BaseBuilder->insert()
#4 C:\Users\CodeIgniter4-4.6.0\system\BaseModel.php(839): CodeIgniter\Model->doInsert()
#5 C:\Users\CodeIgniter4-4.6.0\system\Model.php(800): CodeIgniter\BaseModel->insert()
#6 C:\Users\CodeIgniter4-4.6.0\app\Controllers\Home.php(46): CodeIgniter\Model->insert()
#7 C:\Users\CodeIgniter4-4.6.0\system\CodeIgniter.php(933): App\Controllers\Home->saveInquiry()
#8 C:\Users\CodeIgniter4-4.6.0\system\CodeIgniter.php(507): CodeIgniter\CodeIgniter->runController()
#9 C:\Users\CodeIgniter4-4.6.0\system\CodeIgniter.php(354): CodeIgniter\CodeIgniter->handleRequest()
#10 C:\Users\CodeIgniter4-4.6.0\system\Boot.php(334): CodeIgniter\CodeIgniter->run()
#11 C:\Users\CodeIgniter4-4.6.0\system\Boot.php(67): CodeIgniter\Boot::runCodeIgniter()
#12 C:\Users\CodeIgniter4-4.6.0\public\index.php(56): CodeIgniter\Boot::bootWeb()
#13 {main}
CRITICAL - 2025-10-04 02:54:49 --> CodeIgniter\Database\Exceptions\DatabaseException: Unable to connect to the database.
Main connection [sqlsrv]: Call to undefined function CodeIgniter\Database\SQLSRV\sqlsrv_configure()
[Method: POST, Route: Home/saveInquiry]
in SYSTEMPATH\Database\BaseConnection.php on line 467.
 1 SYSTEMPATH\Database\BaseConnection.php(620): CodeIgniter\Database\BaseConnection->initialize()
 2 SYSTEMPATH\Database\BaseBuilder.php(2345): CodeIgniter\Database\BaseConnection->query()
 3 SYSTEMPATH\Model.php(394): CodeIgniter\Database\BaseBuilder->insert()
 4 SYSTEMPATH\BaseModel.php(839): CodeIgniter\Model->doInsert()
 5 SYSTEMPATH\Model.php(800): CodeIgniter\BaseModel->insert()
 6 APPPATH\Controllers\Home.php(46): CodeIgniter\Model->insert()
 7 SYSTEMPATH\CodeIgniter.php(933): App\Controllers\Home->saveInquiry()
 8 SYSTEMPATH\CodeIgniter.php(507): CodeIgniter\CodeIgniter->runController()
 9 SYSTEMPATH\CodeIgniter.php(354): CodeIgniter\CodeIgniter->handleRequest()
10 SYSTEMPATH\Boot.php(334): CodeIgniter\CodeIgniter->run()
11 SYSTEMPATH\Boot.php(67): CodeIgniter\Boot::runCodeIgniter()
12 FCPATH\index.php(56): CodeIgniter\Boot::bootWeb()
DEBUG - 2025-10-04 06:36:27 --> Session: Class initialized using 'CodeIgniter\Session\Handlers\FileHandler' driver.
ERROR - 2025-10-04 06:36:27 --> mysqli_sql_exception: Unknown column 'LastName' in 'field list' in C:\Users\CodeIgniter4-4.6.0\system\Database\MySQLi\Connection.php:327
Stack trace:
#0 C:\Users\CodeIgniter4-4.6.0\system\Database\MySQLi\Connection.php(327): mysqli->query()
#1 C:\Users\CodeIgniter4-4.6.0\system\Database\BaseConnection.php(738): CodeIgniter\Database\MySQLi\Connection->execute()
#2 C:\Users\CodeIgniter4-4.6.0\system\Database\BaseConnection.php(652): CodeIgniter\Database\BaseConnection->simpleQuery()
#3 C:\Users\CodeIgniter4-4.6.0\system\Database\BaseBuilder.php(2345): CodeIgniter\Database\BaseConnection->query()
#4 C:\Users\CodeIgniter4-4.6.0\system\Model.php(394): CodeIgniter\Database\BaseBuilder->insert()
#5 C:\Users\CodeIgniter4-4.6.0\system\BaseModel.php(839): CodeIgniter\Model->doInsert()
#6 C:\Users\CodeIgniter4-4.6.0\system\Model.php(800): CodeIgniter\BaseModel->insert()
#7 C:\Users\CodeIgniter4-4.6.0\app\Controllers\Home.php(93): CodeIgniter\Model->insert()
#8 C:\Users\CodeIgniter4-4.6.0\system\CodeIgniter.php(933): App\Controllers\Home->saveInquiry()
#9 C:\Users\CodeIgniter4-4.6.0\system\CodeIgniter.php(507): CodeIgniter\CodeIgniter->runController()
#10 C:\Users\CodeIgniter4-4.6.0\system\CodeIgniter.php(354): CodeIgniter\CodeIgniter->handleRequest()
#11 C:\Users\CodeIgniter4-4.6.0\system\Boot.php(334): CodeIgniter\CodeIgniter->run()
#12 C:\Users\CodeIgniter4-4.6.0\system\Boot.php(67): CodeIgniter\Boot::runCodeIgniter()
#13 C:\Users\CodeIgniter4-4.6.0\public\index.php(56): CodeIgniter\Boot::bootWeb()
#14 {main}
CRITICAL - 2025-10-04 06:36:27 --> CodeIgniter\Database\Exceptions\DatabaseException: Unknown column 'LastName' in 'field list'
[Method: POST, Route: Home/saveInquiry]
in SYSTEMPATH\Database\BaseConnection.php on line 692.
 1 SYSTEMPATH\Database\BaseBuilder.php(2345): CodeIgniter\Database\BaseConnection->query()
 2 SYSTEMPATH\Model.php(394): CodeIgniter\Database\BaseBuilder->insert()
 3 SYSTEMPATH\BaseModel.php(839): CodeIgniter\Model->doInsert()
 4 SYSTEMPATH\Model.php(800): CodeIgniter\BaseModel->insert()
 5 APPPATH\Controllers\Home.php(93): CodeIgniter\Model->insert()
 6 SYSTEMPATH\CodeIgniter.php(933): App\Controllers\Home->saveInquiry()
 7 SYSTEMPATH\CodeIgniter.php(507): CodeIgniter\CodeIgniter->runController()
 8 SYSTEMPATH\CodeIgniter.php(354): CodeIgniter\CodeIgniter->handleRequest()
 9 SYSTEMPATH\Boot.php(334): CodeIgniter\CodeIgniter->run()
10 SYSTEMPATH\Boot.php(67): CodeIgniter\Boot::runCodeIgniter()
11 FCPATH\index.php(56): CodeIgniter\Boot::bootWeb()
CRITICAL - 2025-10-04 06:36:27 --> [Caused by] CodeIgniter\Database\Exceptions\DatabaseException: Unknown column 'LastName' in 'field list'
in SYSTEMPATH\Database\MySQLi\Connection.php on line 332.
 1 SYSTEMPATH\Database\BaseConnection.php(738): CodeIgniter\Database\MySQLi\Connection->execute()
 2 SYSTEMPATH\Database\BaseConnection.php(652): CodeIgniter\Database\BaseConnection->simpleQuery()
 3 SYSTEMPATH\Database\BaseBuilder.php(2345): CodeIgniter\Database\BaseConnection->query()
 4 SYSTEMPATH\Model.php(394): CodeIgniter\Database\BaseBuilder->insert()
 5 SYSTEMPATH\BaseModel.php(839): CodeIgniter\Model->doInsert()
 6 SYSTEMPATH\Model.php(800): CodeIgniter\BaseModel->insert()
 7 APPPATH\Controllers\Home.php(93): CodeIgniter\Model->insert()
 8 SYSTEMPATH\CodeIgniter.php(933): App\Controllers\Home->saveInquiry()
 9 SYSTEMPATH\CodeIgniter.php(507): CodeIgniter\CodeIgniter->runController()
10 SYSTEMPATH\CodeIgniter.php(354): CodeIgniter\CodeIgniter->handleRequest()
11 SYSTEMPATH\Boot.php(334): CodeIgniter\CodeIgniter->run()
12 SYSTEMPATH\Boot.php(67): CodeIgniter\Boot::runCodeIgniter()
13 FCPATH\index.php(56): CodeIgniter\Boot::bootWeb()
CRITICAL - 2025-10-04 06:36:27 --> [Caused by] mysqli_sql_exception: Unknown column 'LastName' in 'field list'
in SYSTEMPATH\Database\MySQLi\Connection.php on line 327.
 1 SYSTEMPATH\Database\MySQLi\Connection.php(327): mysqli->query()
 2 SYSTEMPATH\Database\BaseConnection.php(738): CodeIgniter\Database\MySQLi\Connection->execute()
 3 SYSTEMPATH\Database\BaseConnection.php(652): CodeIgniter\Database\BaseConnection->simpleQuery()
 4 SYSTEMPATH\Database\BaseBuilder.php(2345): CodeIgniter\Database\BaseConnection->query()
 5 SYSTEMPATH\Model.php(394): CodeIgniter\Database\BaseBuilder->insert()
 6 SYSTEMPATH\BaseModel.php(839): CodeIgniter\Model->doInsert()
 7 SYSTEMPATH\Model.php(800): CodeIgniter\BaseModel->insert()
 8 APPPATH\Controllers\Home.php(93): CodeIgniter\Model->insert()
 9 SYSTEMPATH\CodeIgniter.php(933): App\Controllers\Home->saveInquiry()
10 SYSTEMPATH\CodeIgniter.php(507): CodeIgniter\CodeIgniter->runController()
11 SYSTEMPATH\CodeIgniter.php(354): CodeIgniter\CodeIgniter->handleRequest()
12 SYSTEMPATH\Boot.php(334): CodeIgniter\CodeIgniter->run()
13 SYSTEMPATH\Boot.php(67): CodeIgniter\Boot::runCodeIgniter()
14 FCPATH\index.php(56): CodeIgniter\Boot::bootWeb()
ERROR - 2025-10-04 06:59:47 --> mysqli_sql_exception: Unknown column 'LastName' in 'field list' in C:\Users\CodeIgniter4-4.6.0\system\Database\MySQLi\Connection.php:327
Stack trace:
#0 C:\Users\CodeIgniter4-4.6.0\system\Database\MySQLi\Connection.php(327): mysqli->query()
#1 C:\Users\CodeIgniter4-4.6.0\system\Database\BaseConnection.php(738): CodeIgniter\Database\MySQLi\Connection->execute()
#2 C:\Users\CodeIgniter4-4.6.0\system\Database\BaseConnection.php(652): CodeIgniter\Database\BaseConnection->simpleQuery()
#3 C:\Users\CodeIgniter4-4.6.0\system\Database\BaseBuilder.php(2345): CodeIgniter\Database\BaseConnection->query()
#4 C:\Users\CodeIgniter4-4.6.0\system\Model.php(394): CodeIgniter\Database\BaseBuilder->insert()
#5 C:\Users\CodeIgniter4-4.6.0\system\BaseModel.php(839): CodeIgniter\Model->doInsert()
#6 C:\Users\CodeIgniter4-4.6.0\system\Model.php(800): CodeIgniter\BaseModel->insert()
#7 C:\Users\CodeIgniter4-4.6.0\app\Controllers\Home.php(64): CodeIgniter\Model->insert()
#8 C:\Users\CodeIgniter4-4.6.0\system\CodeIgniter.php(933): App\Controllers\Home->saveInquiry()
#9 C:\Users\CodeIgniter4-4.6.0\system\CodeIgniter.php(507): CodeIgniter\CodeIgniter->runController()
#10 C:\Users\CodeIgniter4-4.6.0\system\CodeIgniter.php(354): CodeIgniter\CodeIgniter->handleRequest()
#11 C:\Users\CodeIgniter4-4.6.0\system\Boot.php(334): CodeIgniter\CodeIgniter->run()
#12 C:\Users\CodeIgniter4-4.6.0\system\Boot.php(67): CodeIgniter\Boot::runCodeIgniter()
#13 C:\Users\CodeIgniter4-4.6.0\public\index.php(56): CodeIgniter\Boot::bootWeb()
#14 {main}
CRITICAL - 2025-10-04 06:59:47 --> CodeIgniter\Database\Exceptions\DatabaseException: Unknown column 'LastName' in 'field list'
[Method: POST, Route: Home/saveInquiry]
in SYSTEMPATH\Database\BaseConnection.php on line 692.
 1 SYSTEMPATH\Database\BaseBuilder.php(2345): CodeIgniter\Database\BaseConnection->query()
 2 SYSTEMPATH\Model.php(394): CodeIgniter\Database\BaseBuilder->insert()
 3 SYSTEMPATH\BaseModel.php(839): CodeIgniter\Model->doInsert()
 4 SYSTEMPATH\Model.php(800): CodeIgniter\BaseModel->insert()
 5 APPPATH\Controllers\Home.php(64): CodeIgniter\Model->insert()
 6 SYSTEMPATH\CodeIgniter.php(933): App\Controllers\Home->saveInquiry()
 7 SYSTEMPATH\CodeIgniter.php(507): CodeIgniter\CodeIgniter->runController()
 8 SYSTEMPATH\CodeIgniter.php(354): CodeIgniter\CodeIgniter->handleRequest()
 9 SYSTEMPATH\Boot.php(334): CodeIgniter\CodeIgniter->run()
10 SYSTEMPATH\Boot.php(67): CodeIgniter\Boot::runCodeIgniter()
11 FCPATH\index.php(56): CodeIgniter\Boot::bootWeb()
CRITICAL - 2025-10-04 06:59:47 --> [Caused by] CodeIgniter\Database\Exceptions\DatabaseException: Unknown column 'LastName' in 'field list'
in SYSTEMPATH\Database\MySQLi\Connection.php on line 332.
 1 SYSTEMPATH\Database\BaseConnection.php(738): CodeIgniter\Database\MySQLi\Connection->execute()
 2 SYSTEMPATH\Database\BaseConnection.php(652): CodeIgniter\Database\BaseConnection->simpleQuery()
 3 SYSTEMPATH\Database\BaseBuilder.php(2345): CodeIgniter\Database\BaseConnection->query()
 4 SYSTEMPATH\Model.php(394): CodeIgniter\Database\BaseBuilder->insert()
 5 SYSTEMPATH\BaseModel.php(839): CodeIgniter\Model->doInsert()
 6 SYSTEMPATH\Model.php(800): CodeIgniter\BaseModel->insert()
 7 APPPATH\Controllers\Home.php(64): CodeIgniter\Model->insert()
 8 SYSTEMPATH\CodeIgniter.php(933): App\Controllers\Home->saveInquiry()
 9 SYSTEMPATH\CodeIgniter.php(507): CodeIgniter\CodeIgniter->runController()
10 SYSTEMPATH\CodeIgniter.php(354): CodeIgniter\CodeIgniter->handleRequest()
11 SYSTEMPATH\Boot.php(334): CodeIgniter\CodeIgniter->run()
12 SYSTEMPATH\Boot.php(67): CodeIgniter\Boot::runCodeIgniter()
13 FCPATH\index.php(56): CodeIgniter\Boot::bootWeb()
ERROR - 2025-10-04 06:59:47 --> mysqli_sql_exception: Unknown column 'LastName' in 'field list' in C:\Users\CodeIgniter4-4.6.0\system\Database\MySQLi\Connection.php:327
Stack trace:
#0 C:\Users\CodeIgniter4-4.6.0\system\Database\MySQLi\Connection.php(327): mysqli->query()
#1 C:\Users\CodeIgniter4-4.6.0\system\Database\BaseConnection.php(738): CodeIgniter\Database\MySQLi\Connection->execute()
#2 C:\Users\CodeIgniter4-4.6.0\system\Database\BaseConnection.php(652): CodeIgniter\Database\BaseConnection->simpleQuery()
#3 C:\Users\CodeIgniter4-4.6.0\system\Database\BaseBuilder.php(2345): CodeIgniter\Database\BaseConnection->query()
#4 C:\Users\CodeIgniter4-4.6.0\system\Model.php(394): CodeIgniter\Database\BaseBuilder->insert()
#5 C:\Users\CodeIgniter4-4.6.0\system\BaseModel.php(839): CodeIgniter\Model->doInsert()
#6 C:\Users\CodeIgniter4-4.6.0\system\Model.php(800): CodeIgniter\BaseModel->insert()
#7 C:\Users\CodeIgniter4-4.6.0\app\Controllers\Home.php(64): CodeIgniter\Model->insert()
#8 C:\Users\CodeIgniter4-4.6.0\system\CodeIgniter.php(933): App\Controllers\Home->saveInquiry()
#9 C:\Users\CodeIgniter4-4.6.0\system\CodeIgniter.php(507): CodeIgniter\CodeIgniter->runController()
#10 C:\Users\CodeIgniter4-4.6.0\system\CodeIgniter.php(354): CodeIgniter\CodeIgniter->handleRequest()
#11 C:\Users\CodeIgniter4-4.6.0\system\Boot.php(334): CodeIgniter\CodeIgniter->run()
#12 C:\Users\CodeIgniter4-4.6.0\system\Boot.php(67): CodeIgniter\Boot::runCodeIgniter()
#13 C:\Users\CodeIgniter4-4.6.0\public\index.php(56): CodeIgniter\Boot::bootWeb()
#14 {main}
CRITICAL - 2025-10-04 06:59:47 --> [Caused by] mysqli_sql_exception: Unknown column 'LastName' in 'field list'
in SYSTEMPATH\Database\MySQLi\Connection.php on line 327.
 1 SYSTEMPATH\Database\MySQLi\Connection.php(327): mysqli->query()
 2 SYSTEMPATH\Database\BaseConnection.php(738): CodeIgniter\Database\MySQLi\Connection->execute()
 3 SYSTEMPATH\Database\BaseConnection.php(652): CodeIgniter\Database\BaseConnection->simpleQuery()
 4 SYSTEMPATH\Database\BaseBuilder.php(2345): CodeIgniter\Database\BaseConnection->query()
 5 SYSTEMPATH\Model.php(394): CodeIgniter\Database\BaseBuilder->insert()
 6 SYSTEMPATH\BaseModel.php(839): CodeIgniter\Model->doInsert()
 7 SYSTEMPATH\Model.php(800): CodeIgniter\BaseModel->insert()
 8 APPPATH\Controllers\Home.php(64): CodeIgniter\Model->insert()
 9 SYSTEMPATH\CodeIgniter.php(933): App\Controllers\Home->saveInquiry()
10 SYSTEMPATH\CodeIgniter.php(507): CodeIgniter\CodeIgniter->runController()
11 SYSTEMPATH\CodeIgniter.php(354): CodeIgniter\CodeIgniter->handleRequest()
12 SYSTEMPATH\Boot.php(334): CodeIgniter\CodeIgniter->run()
13 SYSTEMPATH\Boot.php(67): CodeIgniter\Boot::runCodeIgniter()
14 FCPATH\index.php(56): CodeIgniter\Boot::bootWeb()
CRITICAL - 2025-10-04 06:59:47 --> CodeIgniter\Database\Exceptions\DatabaseException: Unknown column 'LastName' in 'field list'
[Method: POST, Route: Home/saveInquiry]
in SYSTEMPATH\Database\BaseConnection.php on line 692.
 1 SYSTEMPATH\Database\BaseBuilder.php(2345): CodeIgniter\Database\BaseConnection->query()
 2 SYSTEMPATH\Model.php(394): CodeIgniter\Database\BaseBuilder->insert()
 3 SYSTEMPATH\BaseModel.php(839): CodeIgniter\Model->doInsert()
 4 SYSTEMPATH\Model.php(800): CodeIgniter\BaseModel->insert()
 5 APPPATH\Controllers\Home.php(64): CodeIgniter\Model->insert()
 6 SYSTEMPATH\CodeIgniter.php(933): App\Controllers\Home->saveInquiry()
 7 SYSTEMPATH\CodeIgniter.php(507): CodeIgniter\CodeIgniter->runController()
 8 SYSTEMPATH\CodeIgniter.php(354): CodeIgniter\CodeIgniter->handleRequest()
 9 SYSTEMPATH\Boot.php(334): CodeIgniter\CodeIgniter->run()
10 SYSTEMPATH\Boot.php(67): CodeIgniter\Boot::runCodeIgniter()
11 FCPATH\index.php(56): CodeIgniter\Boot::bootWeb()
CRITICAL - 2025-10-04 06:59:47 --> [Caused by] CodeIgniter\Database\Exceptions\DatabaseException: Unknown column 'LastName' in 'field list'
in SYSTEMPATH\Database\MySQLi\Connection.php on line 332.
 1 SYSTEMPATH\Database\BaseConnection.php(738): CodeIgniter\Database\MySQLi\Connection->execute()
 2 SYSTEMPATH\Database\BaseConnection.php(652): CodeIgniter\Database\BaseConnection->simpleQuery()
 3 SYSTEMPATH\Database\BaseBuilder.php(2345): CodeIgniter\Database\BaseConnection->query()
 4 SYSTEMPATH\Model.php(394): CodeIgniter\Database\BaseBuilder->insert()
 5 SYSTEMPATH\BaseModel.php(839): CodeIgniter\Model->doInsert()
 6 SYSTEMPATH\Model.php(800): CodeIgniter\BaseModel->insert()
 7 APPPATH\Controllers\Home.php(64): CodeIgniter\Model->insert()
 8 SYSTEMPATH\CodeIgniter.php(933): App\Controllers\Home->saveInquiry()
 9 SYSTEMPATH\CodeIgniter.php(507): CodeIgniter\CodeIgniter->runController()
10 SYSTEMPATH\CodeIgniter.php(354): CodeIgniter\CodeIgniter->handleRequest()
11 SYSTEMPATH\Boot.php(334): CodeIgniter\CodeIgniter->run()
12 SYSTEMPATH\Boot.php(67): CodeIgniter\Boot::runCodeIgniter()
13 FCPATH\index.php(56): CodeIgniter\Boot::bootWeb()
CRITICAL - 2025-10-04 06:59:47 --> [Caused by] mysqli_sql_exception: Unknown column 'LastName' in 'field list'
in SYSTEMPATH\Database\MySQLi\Connection.php on line 327.
 1 SYSTEMPATH\Database\MySQLi\Connection.php(327): mysqli->query()
 2 SYSTEMPATH\Database\BaseConnection.php(738): CodeIgniter\Database\MySQLi\Connection->execute()
 3 SYSTEMPATH\Database\BaseConnection.php(652): CodeIgniter\Database\BaseConnection->simpleQuery()
 4 SYSTEMPATH\Database\BaseBuilder.php(2345): CodeIgniter\Database\BaseConnection->query()
 5 SYSTEMPATH\Model.php(394): CodeIgniter\Database\BaseBuilder->insert()
 6 SYSTEMPATH\BaseModel.php(839): CodeIgniter\Model->doInsert()
 7 SYSTEMPATH\Model.php(800): CodeIgniter\BaseModel->insert()
 8 APPPATH\Controllers\Home.php(64): CodeIgniter\Model->insert()
 9 SYSTEMPATH\CodeIgniter.php(933): App\Controllers\Home->saveInquiry()
10 SYSTEMPATH\CodeIgniter.php(507): CodeIgniter\CodeIgniter->runController()
11 SYSTEMPATH\CodeIgniter.php(354): CodeIgniter\CodeIgniter->handleRequest()
12 SYSTEMPATH\Boot.php(334): CodeIgniter\CodeIgniter->run()
13 SYSTEMPATH\Boot.php(67): CodeIgniter\Boot::runCodeIgniter()
14 FCPATH\index.php(56): CodeIgniter\Boot::bootWeb()
