INFO - 2025-10-06 09:39:05 --> Inquiry Data: {"FirstName":"Diopeto121","MobileNumber":"Capispisan","InquiryDate":"2025-10-06 09:39:05","ModelID":"1006"}
INFO - 2025-10-06 10:51:45 --> Inquiry Data: {"FirstName":"Diopeto1212","MobileNumber":"Capispisan","ModelID":"1562"}
ERROR - 2025-10-06 10:51:45 --> mysqli_sql_exception: FUNCTION dealership2.GETDATE does not exist in C:\Users\CodeIgniter4-4.6.0\system\Database\MySQLi\Connection.php:327
Stack trace:
#0 C:\Users\CodeIgniter4-4.6.0\system\Database\MySQLi\Connection.php(327): mysqli->query()
#1 C:\Users\CodeIgniter4-4.6.0\system\Database\BaseConnection.php(738): CodeIgniter\Database\MySQLi\Connection->execute()
#2 C:\Users\CodeIgniter4-4.6.0\system\Database\BaseConnection.php(652): CodeIgniter\Database\BaseConnection->simpleQuery()
#3 C:\Users\CodeIgniter4-4.6.0\system\Database\BaseBuilder.php(2345): CodeIgniter\Database\BaseConnection->query()
#4 C:\Users\CodeIgniter4-4.6.0\system\Model.php(394): CodeIgniter\Database\BaseBuilder->insert()
#5 C:\Users\CodeIgniter4-4.6.0\system\BaseModel.php(839): CodeIgniter\Model->doInsert()
#6 C:\Users\CodeIgniter4-4.6.0\system\Model.php(800): CodeIgniter\BaseModel->insert()
#7 C:\Users\CodeIgniter4-4.6.0\app\Controllers\Home.php(69): CodeIgniter\Model->insert()
#8 C:\Users\CodeIgniter4-4.6.0\system\CodeIgniter.php(933): App\Controllers\Home->saveInquiry()
#9 C:\Users\CodeIgniter4-4.6.0\system\CodeIgniter.php(507): CodeIgniter\CodeIgniter->runController()
#10 C:\Users\CodeIgniter4-4.6.0\system\CodeIgniter.php(354): CodeIgniter\CodeIgniter->handleRequest()
#11 C:\Users\CodeIgniter4-4.6.0\system\Boot.php(334): CodeIgniter\CodeIgniter->run()
#12 C:\Users\CodeIgniter4-4.6.0\system\Boot.php(67): CodeIgniter\Boot::runCodeIgniter()
#13 C:\Users\CodeIgniter4-4.6.0\public\index.php(56): CodeIgniter\Boot::bootWeb()
#14 {main}
CRITICAL - 2025-10-06 10:51:45 --> CodeIgniter\Database\Exceptions\DatabaseException: FUNCTION dealership2.GETDATE does not exist
[Method: POST, Route: Home/saveInquiry]
in SYSTEMPATH\Database\BaseConnection.php on line 692.
 1 SYSTEMPATH\Database\BaseBuilder.php(2345): CodeIgniter\Database\BaseConnection->query()
 2 SYSTEMPATH\Model.php(394): CodeIgniter\Database\BaseBuilder->insert()
 3 SYSTEMPATH\BaseModel.php(839): CodeIgniter\Model->doInsert()
 4 SYSTEMPATH\Model.php(800): CodeIgniter\BaseModel->insert()
 5 APPPATH\Controllers\Home.php(69): CodeIgniter\Model->insert()
 6 SYSTEMPATH\CodeIgniter.php(933): App\Controllers\Home->saveInquiry()
 7 SYSTEMPATH\CodeIgniter.php(507): CodeIgniter\CodeIgniter->runController()
 8 SYSTEMPATH\CodeIgniter.php(354): CodeIgniter\CodeIgniter->handleRequest()
 9 SYSTEMPATH\Boot.php(334): CodeIgniter\CodeIgniter->run()
10 SYSTEMPATH\Boot.php(67): CodeIgniter\Boot::runCodeIgniter()
11 FCPATH\index.php(56): CodeIgniter\Boot::bootWeb()
CRITICAL - 2025-10-06 10:51:45 --> [Caused by] CodeIgniter\Database\Exceptions\DatabaseException: FUNCTION dealership2.GETDATE does not exist
in SYSTEMPATH\Database\MySQLi\Connection.php on line 332.
 1 SYSTEMPATH\Database\BaseConnection.php(738): CodeIgniter\Database\MySQLi\Connection->execute()
 2 SYSTEMPATH\Database\BaseConnection.php(652): CodeIgniter\Database\BaseConnection->simpleQuery()
 3 SYSTEMPATH\Database\BaseBuilder.php(2345): CodeIgniter\Database\BaseConnection->query()
 4 SYSTEMPATH\Model.php(394): CodeIgniter\Database\BaseBuilder->insert()
 5 SYSTEMPATH\BaseModel.php(839): CodeIgniter\Model->doInsert()
 6 SYSTEMPATH\Model.php(800): CodeIgniter\BaseModel->insert()
 7 APPPATH\Controllers\Home.php(69): CodeIgniter\Model->insert()
 8 SYSTEMPATH\CodeIgniter.php(933): App\Controllers\Home->saveInquiry()
 9 SYSTEMPATH\CodeIgniter.php(507): CodeIgniter\CodeIgniter->runController()
10 SYSTEMPATH\CodeIgniter.php(354): CodeIgniter\CodeIgniter->handleRequest()
11 SYSTEMPATH\Boot.php(334): CodeIgniter\CodeIgniter->run()
12 SYSTEMPATH\Boot.php(67): CodeIgniter\Boot::runCodeIgniter()
13 FCPATH\index.php(56): CodeIgniter\Boot::bootWeb()
CRITICAL - 2025-10-06 10:51:45 --> [Caused by] mysqli_sql_exception: FUNCTION dealership2.GETDATE does not exist
in SYSTEMPATH\Database\MySQLi\Connection.php on line 327.
 1 SYSTEMPATH\Database\MySQLi\Connection.php(327): mysqli->query()
 2 SYSTEMPATH\Database\BaseConnection.php(738): CodeIgniter\Database\MySQLi\Connection->execute()
 3 SYSTEMPATH\Database\BaseConnection.php(652): CodeIgniter\Database\BaseConnection->simpleQuery()
 4 SYSTEMPATH\Database\BaseBuilder.php(2345): CodeIgniter\Database\BaseConnection->query()
 5 SYSTEMPATH\Model.php(394): CodeIgniter\Database\BaseBuilder->insert()
 6 SYSTEMPATH\BaseModel.php(839): CodeIgniter\Model->doInsert()
 7 SYSTEMPATH\Model.php(800): CodeIgniter\BaseModel->insert()
 8 APPPATH\Controllers\Home.php(69): CodeIgniter\Model->insert()
 9 SYSTEMPATH\CodeIgniter.php(933): App\Controllers\Home->saveInquiry()
10 SYSTEMPATH\CodeIgniter.php(507): CodeIgniter\CodeIgniter->runController()
11 SYSTEMPATH\CodeIgniter.php(354): CodeIgniter\CodeIgniter->handleRequest()
12 SYSTEMPATH\Boot.php(334): CodeIgniter\CodeIgniter->run()
13 SYSTEMPATH\Boot.php(67): CodeIgniter\Boot::runCodeIgniter()
14 FCPATH\index.php(56): CodeIgniter\Boot::bootWeb()
INFO - 2025-10-06 10:51:53 --> Inquiry Data: {"FirstName":"Diopeto1212","MobileNumber":"Capispisan","ModelID":"1562"}
ERROR - 2025-10-06 10:51:53 --> mysqli_sql_exception: FUNCTION dealership2.GETDATE does not exist in C:\Users\CodeIgniter4-4.6.0\system\Database\MySQLi\Connection.php:327
Stack trace:
#0 C:\Users\CodeIgniter4-4.6.0\system\Database\MySQLi\Connection.php(327): mysqli->query()
#1 C:\Users\CodeIgniter4-4.6.0\system\Database\BaseConnection.php(738): CodeIgniter\Database\MySQLi\Connection->execute()
#2 C:\Users\CodeIgniter4-4.6.0\system\Database\BaseConnection.php(652): CodeIgniter\Database\BaseConnection->simpleQuery()
#3 C:\Users\CodeIgniter4-4.6.0\system\Database\BaseBuilder.php(2345): CodeIgniter\Database\BaseConnection->query()
#4 C:\Users\CodeIgniter4-4.6.0\system\Model.php(394): CodeIgniter\Database\BaseBuilder->insert()
#5 C:\Users\CodeIgniter4-4.6.0\system\BaseModel.php(839): CodeIgniter\Model->doInsert()
#6 C:\Users\CodeIgniter4-4.6.0\system\Model.php(800): CodeIgniter\BaseModel->insert()
#7 C:\Users\CodeIgniter4-4.6.0\app\Controllers\Home.php(69): CodeIgniter\Model->insert()
#8 C:\Users\CodeIgniter4-4.6.0\system\CodeIgniter.php(933): App\Controllers\Home->saveInquiry()
#9 C:\Users\CodeIgniter4-4.6.0\system\CodeIgniter.php(507): CodeIgniter\CodeIgniter->runController()
#10 C:\Users\CodeIgniter4-4.6.0\system\CodeIgniter.php(354): CodeIgniter\CodeIgniter->handleRequest()
#11 C:\Users\CodeIgniter4-4.6.0\system\Boot.php(334): CodeIgniter\CodeIgniter->run()
#12 C:\Users\CodeIgniter4-4.6.0\system\Boot.php(67): CodeIgniter\Boot::runCodeIgniter()
#13 C:\Users\CodeIgniter4-4.6.0\public\index.php(56): CodeIgniter\Boot::bootWeb()
#14 {main}
CRITICAL - 2025-10-06 10:51:53 --> CodeIgniter\Database\Exceptions\DatabaseException: FUNCTION dealership2.GETDATE does not exist
[Method: POST, Route: Home/saveInquiry]
in SYSTEMPATH\Database\BaseConnection.php on line 692.
 1 SYSTEMPATH\Database\BaseBuilder.php(2345): CodeIgniter\Database\BaseConnection->query()
 2 SYSTEMPATH\Model.php(394): CodeIgniter\Database\BaseBuilder->insert()
 3 SYSTEMPATH\BaseModel.php(839): CodeIgniter\Model->doInsert()
 4 SYSTEMPATH\Model.php(800): CodeIgniter\BaseModel->insert()
 5 APPPATH\Controllers\Home.php(69): CodeIgniter\Model->insert()
 6 SYSTEMPATH\CodeIgniter.php(933): App\Controllers\Home->saveInquiry()
 7 SYSTEMPATH\CodeIgniter.php(507): CodeIgniter\CodeIgniter->runController()
 8 SYSTEMPATH\CodeIgniter.php(354): CodeIgniter\CodeIgniter->handleRequest()
 9 SYSTEMPATH\Boot.php(334): CodeIgniter\CodeIgniter->run()
10 SYSTEMPATH\Boot.php(67): CodeIgniter\Boot::runCodeIgniter()
11 FCPATH\index.php(56): CodeIgniter\Boot::bootWeb()
CRITICAL - 2025-10-06 10:51:53 --> [Caused by] CodeIgniter\Database\Exceptions\DatabaseException: FUNCTION dealership2.GETDATE does not exist
in SYSTEMPATH\Database\MySQLi\Connection.php on line 332.
 1 SYSTEMPATH\Database\BaseConnection.php(738): CodeIgniter\Database\MySQLi\Connection->execute()
 2 SYSTEMPATH\Database\BaseConnection.php(652): CodeIgniter\Database\BaseConnection->simpleQuery()
 3 SYSTEMPATH\Database\BaseBuilder.php(2345): CodeIgniter\Database\BaseConnection->query()
 4 SYSTEMPATH\Model.php(394): CodeIgniter\Database\BaseBuilder->insert()
 5 SYSTEMPATH\BaseModel.php(839): CodeIgniter\Model->doInsert()
 6 SYSTEMPATH\Model.php(800): CodeIgniter\BaseModel->insert()
 7 APPPATH\Controllers\Home.php(69): CodeIgniter\Model->insert()
 8 SYSTEMPATH\CodeIgniter.php(933): App\Controllers\Home->saveInquiry()
 9 SYSTEMPATH\CodeIgniter.php(507): CodeIgniter\CodeIgniter->runController()
10 SYSTEMPATH\CodeIgniter.php(354): CodeIgniter\CodeIgniter->handleRequest()
11 SYSTEMPATH\Boot.php(334): CodeIgniter\CodeIgniter->run()
12 SYSTEMPATH\Boot.php(67): CodeIgniter\Boot::runCodeIgniter()
13 FCPATH\index.php(56): CodeIgniter\Boot::bootWeb()
CRITICAL - 2025-10-06 10:51:53 --> [Caused by] mysqli_sql_exception: FUNCTION dealership2.GETDATE does not exist
in SYSTEMPATH\Database\MySQLi\Connection.php on line 327.
 1 SYSTEMPATH\Database\MySQLi\Connection.php(327): mysqli->query()
 2 SYSTEMPATH\Database\BaseConnection.php(738): CodeIgniter\Database\MySQLi\Connection->execute()
 3 SYSTEMPATH\Database\BaseConnection.php(652): CodeIgniter\Database\BaseConnection->simpleQuery()
 4 SYSTEMPATH\Database\BaseBuilder.php(2345): CodeIgniter\Database\BaseConnection->query()
 5 SYSTEMPATH\Model.php(394): CodeIgniter\Database\BaseBuilder->insert()
 6 SYSTEMPATH\BaseModel.php(839): CodeIgniter\Model->doInsert()
 7 SYSTEMPATH\Model.php(800): CodeIgniter\BaseModel->insert()
 8 APPPATH\Controllers\Home.php(69): CodeIgniter\Model->insert()
 9 SYSTEMPATH\CodeIgniter.php(933): App\Controllers\Home->saveInquiry()
10 SYSTEMPATH\CodeIgniter.php(507): CodeIgniter\CodeIgniter->runController()
11 SYSTEMPATH\CodeIgniter.php(354): CodeIgniter\CodeIgniter->handleRequest()
12 SYSTEMPATH\Boot.php(334): CodeIgniter\CodeIgniter->run()
13 SYSTEMPATH\Boot.php(67): CodeIgniter\Boot::runCodeIgniter()
14 FCPATH\index.php(56): CodeIgniter\Boot::bootWeb()
INFO - 2025-10-06 11:05:34 --> Inquiry Data: {"FirstName":"Diopeto1212","MobileNumber":"Capispisan","InquiryDate":"2025-10-06 11:05:34","ModelID":"1562"}
INFO - 2025-10-06 13:57:00 --> Inquiry Data: {"FirstName":"Diopeto1212","MobileNumber":"Capispisan","InquiryDate":"2025-10-06 13:57:00","ModelID":"1009"}
INFO - 2025-10-06 14:00:06 --> Inquiry Data: {"FirstName":"Diopeto1212","MobileNumber":"Capispisan","InquiryDate":"2025-10-06 14:00:06","ModelID":"1041"}
INFO - 2025-10-06 14:17:18 --> Inquiry Data: {"FirstName":"saoidsaoidsad","MobileNumber":"09284989273","InquiryDate":"2025-10-06 14:17:18","ModelID":"1009"}
INFO - 2025-10-06 14:20:52 --> Inquiry Data: {"FirstName":"Diopet","MobileNumber":"09976151373","InquiryDate":"2025-10-06 14:20:52","ModelID":"1562"}
INFO - 2025-10-06 14:24:59 --> Inquiry Data: {"FirstName":"Diopeto","MobileNumber":"09284989273","InquiryDate":"2025-10-06 14:24:59","ModelID":"1562"}
INFO - 2025-10-06 14:24:59 --> Inquiry Data: {"FirstName":"Diopeto","MobileNumber":"09284989273","InquiryDate":"2025-10-06 14:24:59","ModelID":"1562"}
INFO - 2025-10-06 14:42:57 --> Inquiry Data: {"FirstName":"Diopet","MobileNumber":"09284989273","InquiryDate":"2025-10-06 14:42:57","ModelID":"1064"}
